============================= test session starts =============================
platform win32 -- Python 3.13.7, pytest-9.1.1, pluggy-1.6.0 -- c:\Users\Aamin\Desktop\App\vaultkey\backend\venv\Scripts\python.exe
rootdir: c:\Users\Aamin\Desktop\App\vaultkey\backend
plugins: anyio-4.14.2
collecting ... collected 28 items

test_security_exploration.py::TestIssue2CorsWildcard::test_allowed_origins_env_var_used PASSED [  3%]
test_security_exploration.py::TestIssue2CorsWildcard::test_cors_allows_configured_origin PASSED [  7%]
test_security_exploration.py::TestIssue2CorsWildcard::test_cors_rejects_unconfigured_origin PASSED [ 10%]
test_security_exploration.py::TestIssue2CorsWildcard::test_env_example_documents_allowed_origins PASSED [ 14%]
test_security_exploration.py::TestIssue2CorsWildcard::test_fallback_defaults_no_wildcard PASSED [ 17%]
test_security_exploration.py::TestIssue2CorsWildcard::test_no_wildcard_in_origins_list PASSED [ 21%]
test_security_exploration.py::TestIssue3RateLimiting::test_authorize_endpoint_has_rate_limit_decorator PASSED [ 25%]
test_security_exploration.py::TestIssue3RateLimiting::test_download_endpoint_has_rate_limit_decorator PASSED [ 28%]
test_security_exploration.py::TestIssue3RateLimiting::test_limiter_imported_from_shared_module PASSED [ 32%]
test_security_exploration.py::TestIssue3RateLimiting::test_rate_limiter_middleware_registered PASSED [ 35%]
test_security_exploration.py::TestIssue3RateLimiting::test_request_param_present_in_authorize PASSED [ 39%]
test_security_exploration.py::TestIssue3RateLimiting::test_request_param_present_in_download PASSED [ 42%]
test_security_exploration.py::TestIssue3RateLimiting::test_slowapi_in_requirements PASSED [ 46%]
test_security_exploration.py::TestIssue8AuditLogs::test_expired_branch_calls_log_event_before_raise PASSED [ 50%]
test_security_exploration.py::TestIssue8AuditLogs::test_expired_download_writes_link_expired_log PASSED [ 53%]
test_security_exploration.py::TestIssue8AuditLogs::test_log_event_helper_defined PASSED [ 57%]
test_security_exploration.py::TestIssue8AuditLogs::test_no_inline_db_add_accesslog PASSED [ 60%]
test_security_exploration.py::TestIssue8AuditLogs::test_revoked_branch_calls_log_event_before_raise PASSED [ 64%]
test_security_exploration.py::TestIssue8AuditLogs::test_revoked_download_writes_access_denied_log PASSED [ 67%]
test_security_exploration.py::TestIssue11SchemaSyncWithModels::test_access_logs_table_columns_match PASSED [ 71%]
test_security_exploration.py::TestIssue11SchemaSyncWithModels::test_all_expected_tables_present_in_schema PASSED [ 75%]
test_security_exploration.py::TestIssue11SchemaSyncWithModels::test_files_table_columns_match PASSED [ 78%]
test_security_exploration.py::TestIssue11SchemaSyncWithModels::test_firebase_uid_not_in_schema_or_models PASSED [ 82%]
test_security_exploration.py::TestIssue11SchemaSyncWithModels::test_not_null_constraints_present_for_access_logs PASSED [ 85%]
test_security_exploration.py::TestIssue11SchemaSyncWithModels::test_not_null_constraints_present_for_users PASSED [ 89%]
test_security_exploration.py::TestIssue11SchemaSyncWithModels::test_schema_sql_last_synced_comment_present PASSED [ 92%]
test_security_exploration.py::TestIssue11SchemaSyncWithModels::test_shares_table_columns_match PASSED [ 96%]
test_security_exploration.py::TestIssue11SchemaSyncWithModels::test_users_table_columns_match PASSED [100%]

============================== warnings summary ===============================
venv\Lib\site-packages\fastapi\testclient.py:1
  c:\Users\Aamin\Desktop\App\vaultkey\backend\venv\Lib\site-packages\fastapi\testclient.py:1: StarletteDeprecationWarning: Using `httpx` with `starlette.testclient` is deprecated; install `httpx2` instead.
    from starlette.testclient import TestClient as TestClient  # noqa

app\schemas.py:14
  c:\Users\Aamin\Desktop\App\vaultkey\backend\app\schemas.py:14: PydanticDeprecatedSince20: Support for class-based `config` is deprecated, use ConfigDict instead. Deprecated in Pydantic V2.0 to be removed in V3.0. See Pydantic V2 Migration Guide at https://errors.pydantic.dev/2.13/migration/
    class UserResponse(BaseModel):

app\schemas.py:28
  c:\Users\Aamin\Desktop\App\vaultkey\backend\app\schemas.py:28: PydanticDeprecatedSince20: Support for class-based `config` is deprecated, use ConfigDict instead. Deprecated in Pydantic V2.0 to be removed in V3.0. See Pydantic V2 Migration Guide at https://errors.pydantic.dev/2.13/migration/
    class FileCreateResponse(BaseModel):

app\schemas.py:39
  c:\Users\Aamin\Desktop\App\vaultkey\backend\app\schemas.py:39: PydanticDeprecatedSince20: Support for class-based `config` is deprecated, use ConfigDict instead. Deprecated in Pydantic V2.0 to be removed in V3.0. See Pydantic V2 Migration Guide at https://errors.pydantic.dev/2.13/migration/
    class FileResponse(BaseModel):

app\schemas.py:70
  c:\Users\Aamin\Desktop\App\vaultkey\backend\app\schemas.py:70: PydanticDeprecatedSince20: Support for class-based `config` is deprecated, use ConfigDict instead. Deprecated in Pydantic V2.0 to be removed in V3.0. See Pydantic V2 Migration Guide at https://errors.pydantic.dev/2.13/migration/
    class ShareDetailResponse(BaseModel):

app\schemas.py:102
  c:\Users\Aamin\Desktop\App\vaultkey\backend\app\schemas.py:102: PydanticDeprecatedSince20: Support for class-based `config` is deprecated, use ConfigDict instead. Deprecated in Pydantic V2.0 to be removed in V3.0. See Pydantic V2 Migration Guide at https://errors.pydantic.dev/2.13/migration/
    class ActivityLogResponse(BaseModel):

test_security_exploration.py::TestIssue8AuditLogs::test_expired_download_writes_link_expired_log
test_security_exploration.py::TestIssue8AuditLogs::test_expired_download_writes_link_expired_log
test_security_exploration.py::TestIssue8AuditLogs::test_expired_download_writes_link_expired_log
test_security_exploration.py::TestIssue8AuditLogs::test_revoked_download_writes_access_denied_log
test_security_exploration.py::TestIssue8AuditLogs::test_revoked_download_writes_access_denied_log
test_security_exploration.py::TestIssue8AuditLogs::test_revoked_download_writes_access_denied_log
  c:\Users\Aamin\Desktop\App\vaultkey\backend\venv\Lib\site-packages\sqlalchemy\sql\schema.py:3627: DeprecationWarning: datetime.datetime.utcnow() is deprecated and scheduled for removal in a future version. Use timezone-aware objects to represent datetimes in UTC: datetime.datetime.now(datetime.UTC).
    return util.wrap_callable(lambda ctx: fn(), fn)  # type: ignore

test_security_exploration.py::TestIssue8AuditLogs::test_expired_download_writes_link_expired_log
  c:\Users\Aamin\Desktop\App\vaultkey\backend\test_security_exploration.py:99: DeprecationWarning: datetime.datetime.utcnow() is deprecated and scheduled for removal in a future version. Use timezone-aware objects to represent datetimes in UTC: datetime.datetime.now(datetime.UTC).
    expires_at = datetime.utcnow() - timedelta(hours=1)  # already in the past

test_security_exploration.py::TestIssue8AuditLogs::test_expired_download_writes_link_expired_log
  c:\Users\Aamin\Desktop\App\vaultkey\backend\app\routes\access.py:173: DeprecationWarning: datetime.datetime.utcnow() is deprecated and scheduled for removal in a future version. Use timezone-aware objects to represent datetimes in UTC: datetime.datetime.now(datetime.UTC).
    if share.expires_at and share.expires_at < datetime.utcnow():

-- Docs: https://docs.pytest.org/en/stable/how-to/capture-warnings.html
======================= 28 passed, 14 warnings in 9.80s =======================

=== Exit code: 0 ===
